2025-06-17 23:46:45 - REQUEST: POST
POST: []
RAW: {"transaction_id":"qr_pay_6851e23ea7b90","amount":6,"user_id":"102"}

2025-06-17 23:47:07 - REQUEST: POST
POST: []
RAW: {"transaction_id":"qr_pay_6851e256ab043","amount":6,"user_id":"102"}

2025-06-17 23:49:46 - REQUEST: POST
POST: []
RAW: {"transaction_id":"qr_pay_6851e2f53d57b","amount":6,"user_id":"102"}

2025-06-17 23:56:08 - REQUEST: POST
POST: []
RAW: {"transaction_id":"qr_pay_6851e4763c507","amount":6,"user_id":"102"}

2025-06-18 00:03:30 - REQUEST: POST
POST: []
RAW: {"transaction_id":"qr_pay_6851e62e80711","amount":6,"user_id":"102"}

2025-06-18 03:52:00 - REQUEST: POST
POST: []
RAW: {"transaction_id":"qr_pay_68521bb621053","amount":8,"user_id":"102"}

2025-06-18 04:25:45 - REQUEST: POST
POST: []
RAW: {"transaction_id":"qr_pay_685223a4b1616","amount":14,"user_id":"102"}

2025-06-20 23:36:40 - REQUEST: POST
POST: {"user_id":"11","qr_code":"{\"type\":\"login\",\"qr_login_token\":\"8e28dc7471024c971df9dcdb6a8a0235\"}"}
RAW: user_id=11&qr_code=%7B%22type%22%3A%22login%22%2C%22qr_login_token%22%3A%228e28dc7471024c971df9dcdb6a8a0235%22%7D&

2025-06-20 23:36:41 - REQUEST: POST
POST: {"user_id":"11","qr_code":"{\"type\":\"login\",\"qr_login_token\":\"8e28dc7471024c971df9dcdb6a8a0235\"}"}
RAW: user_id=11&qr_code=%7B%22type%22%3A%22login%22%2C%22qr_login_token%22%3A%228e28dc7471024c971df9dcdb6a8a0235%22%7D&

2025-06-20 23:36:41 - REQUEST: POST
POST: {"user_id":"11","qr_code":"{\"type\":\"login\",\"qr_login_token\":\"8e28dc7471024c971df9dcdb6a8a0235\"}"}
RAW: user_id=11&qr_code=%7B%22type%22%3A%22login%22%2C%22qr_login_token%22%3A%228e28dc7471024c971df9dcdb6a8a0235%22%7D&

2025-06-21 00:30:12 - REQUEST: POST
POST: []
RAW: {"user_id":"11","transaction_id":"qr_pay_6855e0f24ee35","amount":10}

2025-06-21 00:30:16 - REQUEST: POST
POST: []
RAW: {"user_id":"11","transaction_id":"qr_pay_6855e0f54569c","amount":10}

2025-06-21 00:34:02 - REQUEST: POST
POST: []
RAW: {"user_id":"11","transaction_id":"qr_pay_6855e1d873552","amount":10}

2025-06-21 00:38:43 - REQUEST: POST
POST: []
RAW: {"user_id":"11","transaction_id":"qr_pay_6855e2f173131","amount":10}

2025-06-21 00:38:43 - Processing payment for user: 11, amount: 10, transaction: qr_pay_6855e2f173131
2025-06-21 00:38:46 - REQUEST: POST
POST: []
RAW: {"user_id":"11","transaction_id":"qr_pay_6855e2f475351","amount":10}

2025-06-21 00:38:46 - Processing payment for user: 11, amount: 10, transaction: qr_pay_6855e2f475351
2025-06-21 00:38:50 - REQUEST: POST
POST: []
RAW: {"user_id":"11","transaction_id":"qr_pay_6855e2f771886","amount":10}

2025-06-21 00:38:50 - Processing payment for user: 11, amount: 10, transaction: qr_pay_6855e2f771886
2025-06-21 00:38:55 - REQUEST: POST
POST: []
RAW: {"user_id":"11","transaction_id":"qr_pay_6855e2fd7678d","amount":10}

2025-06-21 00:38:55 - Processing payment for user: 11, amount: 10, transaction: qr_pay_6855e2fd7678d
2025-06-21 00:38:58 - REQUEST: POST
POST: []
RAW: {"user_id":"11","transaction_id":"qr_pay_6855e30074a1d","amount":10}

2025-06-21 00:38:58 - Processing payment for user: 11, amount: 10, transaction: qr_pay_6855e30074a1d
2025-06-21 00:42:20 - REQUEST: POST
POST: []
RAW: {"user_id":"11","transaction_id":"qr_pay_6855e3c959664","amount":10}

2025-06-21 00:42:20 - Processing payment for user: 11, amount: 10, transaction: qr_pay_6855e3c959664
2025-06-21 00:43:14 - REQUEST: POST
POST: []
RAW: {"user_id":"11","transaction_id":"qr_pay_6855e3ff72d5f","amount":10}

2025-06-21 00:43:14 - Processing payment for user: 11, amount: 10, transaction: qr_pay_6855e3ff72d5f
2025-06-21 00:43:17 - REQUEST: POST
POST: []
RAW: {"user_id":"11","transaction_id":"qr_pay_6855e402758f5","amount":10}

2025-06-21 00:43:17 - Processing payment for user: 11, amount: 10, transaction: qr_pay_6855e402758f5
